This is pdfTeX, Version 3.141592653-2.6-1.40.26 (TeX Live 2024) (preloaded format=pdflatex 2024.9.20)  20 NOV 2024 12:15
entering extended mode
 restricted \write18 enabled.
 file:line:error style messages enabled.
 %&-line parsing enabled.
**/Users/fernandorochacorreaurbano/Desktop/causal-machine-learning/causal-factor-investing/draft/draft.tex
(/Users/fernandorochacorreaurbano/Desktop/causal-machine-learning/causal-factor-investing/draft/draft.tex
LaTeX2e <2023-11-01> patch level 1
L3 programming layer <2024-02-20>
(/usr/local/texlive/2024/texmf-dist/tex/latex/base/article.cls
Document Class: article 2023/05/17 v1.4n Standard LaTeX document class
(/usr/local/texlive/2024/texmf-dist/tex/latex/base/size10.clo
File: size10.clo 2023/05/17 v1.4n Standard LaTeX file (size option)
)
\c@part=\count188
\c@section=\count189
\c@subsection=\count190
\c@subsubsection=\count191
\c@paragraph=\count192
\c@subparagraph=\count193
\c@figure=\count194
\c@table=\count195
\abovecaptionskip=\skip48
\belowcaptionskip=\skip49
\bibindent=\dimen140
) (/usr/local/texlive/2024/texmf-dist/tex/latex/amsmath/amsmath.sty
Package: amsmath 2023/05/13 v2.17o AMS math features
\@mathmargin=\skip50

For additional information on amsmath, use the `?' option.
(/usr/local/texlive/2024/texmf-dist/tex/latex/amsmath/amstext.sty
Package: amstext 2021/08/26 v2.01 AMS text
 (/usr/local/texlive/2024/texmf-dist/tex/latex/amsmath/amsgen.sty
File: amsgen.sty 1999/11/30 v2.0 generic functions
\@emptytoks=\toks17
\ex@=\dimen141
)) (/usr/local/texlive/2024/texmf-dist/tex/latex/amsmath/amsbsy.sty
Package: amsbsy 1999/11/29 v1.2d Bold Symbols
\pmbraise@=\dimen142
) (/usr/local/texlive/2024/texmf-dist/tex/latex/amsmath/amsopn.sty
Package: amsopn 2022/04/08 v2.04 operator names
)
\inf@bad=\count196
LaTeX Info: Redefining \frac on input line 234.
\uproot@=\count197
\leftroot@=\count198
LaTeX Info: Redefining \overline on input line 399.
LaTeX Info: Redefining \colon on input line 410.
\classnum@=\count199
\DOTSCASE@=\count266
LaTeX Info: Redefining \ldots on input line 496.
LaTeX Info: Redefining \dots on input line 499.
LaTeX Info: Redefining \cdots on input line 620.
\Mathstrutbox@=\box51
\strutbox@=\box52
LaTeX Info: Redefining \big on input line 722.
LaTeX Info: Redefining \Big on input line 723.
LaTeX Info: Redefining \bigg on input line 724.
LaTeX Info: Redefining \Bigg on input line 725.
\big@size=\dimen143
LaTeX Font Info:    Redeclaring font encoding OML on input line 743.
LaTeX Font Info:    Redeclaring font encoding OMS on input line 744.
\macc@depth=\count267
LaTeX Info: Redefining \bmod on input line 905.
LaTeX Info: Redefining \pmod on input line 910.
LaTeX Info: Redefining \smash on input line 940.
LaTeX Info: Redefining \relbar on input line 970.
LaTeX Info: Redefining \Relbar on input line 971.
\c@MaxMatrixCols=\count268
\dotsspace@=\muskip16
\c@parentequation=\count269
\dspbrk@lvl=\count270
\tag@help=\toks18
\row@=\count271
\column@=\count272
\maxfields@=\count273
\andhelp@=\toks19
\eqnshift@=\dimen144
\alignsep@=\dimen145
\tagshift@=\dimen146
\tagwidth@=\dimen147
\totwidth@=\dimen148
\lineht@=\dimen149
\@envbody=\toks20
\multlinegap=\skip51
\multlinetaggap=\skip52
\mathdisplay@stack=\toks21
LaTeX Info: Redefining \[ on input line 2953.
LaTeX Info: Redefining \] on input line 2954.
) (/usr/local/texlive/2024/texmf-dist/tex/latex/mathtools/mathtools.sty
Package: mathtools 2024/03/11 v1.30 mathematical typesetting tools
 (/usr/local/texlive/2024/texmf-dist/tex/latex/graphics/keyval.sty
Package: keyval 2022/05/29 v1.15 key=value parser (DPC)
\KV@toks@=\toks22
) (/usr/local/texlive/2024/texmf-dist/tex/latex/tools/calc.sty
Package: calc 2023/07/08 v4.3 Infix arithmetic (KKT,FJ)
\calc@Acount=\count274
\calc@Bcount=\count275
\calc@Adimen=\dimen150
\calc@Bdimen=\dimen151
\calc@Askip=\skip53
\calc@Bskip=\skip54
LaTeX Info: Redefining \setlength on input line 80.
LaTeX Info: Redefining \addtolength on input line 81.
\calc@Ccount=\count276
\calc@Cskip=\skip55
) (/usr/local/texlive/2024/texmf-dist/tex/latex/mathtools/mhsetup.sty
Package: mhsetup 2021/03/18 v1.4 programming setup (MH)
)
\g_MT_multlinerow_int=\count277
\l_MT_multwidth_dim=\dimen152
\origjot=\skip56
\l_MT_shortvdotswithinadjustabove_dim=\dimen153
\l_MT_shortvdotswithinadjustbelow_dim=\dimen154
\l_MT_above_intertext_sep=\dimen155
\l_MT_below_intertext_sep=\dimen156
\l_MT_above_shortintertext_sep=\dimen157
\l_MT_below_shortintertext_sep=\dimen158
\xmathstrut@box=\box53
\xmathstrut@dim=\dimen159
) (/usr/local/texlive/2024/texmf-dist/tex/latex/geometry/geometry.sty
Package: geometry 2020/01/02 v5.9 Page Geometry
 (/usr/local/texlive/2024/texmf-dist/tex/generic/iftex/ifvtex.sty
Package: ifvtex 2019/10/25 v1.7 ifvtex legacy package. Use iftex instead.
 (/usr/local/texlive/2024/texmf-dist/tex/generic/iftex/iftex.sty
Package: iftex 2022/02/03 v1.0f TeX engine tests
))
\Gm@cnth=\count278
\Gm@cntv=\count279
\c@Gm@tempcnt=\count280
\Gm@bindingoffset=\dimen160
\Gm@wd@mp=\dimen161
\Gm@odd@mp=\dimen162
\Gm@even@mp=\dimen163
\Gm@layoutwidth=\dimen164
\Gm@layoutheight=\dimen165
\Gm@layouthoffset=\dimen166
\Gm@layoutvoffset=\dimen167
\Gm@dimlist=\toks23
) (/usr/local/texlive/2024/texmf-dist/tex/latex/amsfonts/amssymb.sty
Package: amssymb 2013/01/14 v3.01 AMS font symbols
 (/usr/local/texlive/2024/texmf-dist/tex/latex/amsfonts/amsfonts.sty
Package: amsfonts 2013/01/14 v3.01 Basic AMSFonts support
\symAMSa=\mathgroup4
\symAMSb=\mathgroup5
LaTeX Font Info:    Redeclaring math symbol \hbar on input line 98.
LaTeX Font Info:    Overwriting math alphabet `\mathfrak' in version `bold'
(Font)                  U/euf/m/n --> U/euf/b/n on input line 106.
)) (/usr/local/texlive/2024/texmf-dist/tex/latex/graphics/color.sty
Package: color 2022/01/06 v1.3d Standard LaTeX Color (DPC)
 (/usr/local/texlive/2024/texmf-dist/tex/latex/graphics-cfg/color.cfg
File: color.cfg 2016/01/02 v1.6 sample color configuration
)
Package color Info: Driver file: pdftex.def on input line 149.
 (/usr/local/texlive/2024/texmf-dist/tex/latex/graphics-def/pdftex.def
File: pdftex.def 2022/09/22 v1.2b Graphics/color driver for pdftex
) (/usr/local/texlive/2024/texmf-dist/tex/latex/graphics/mathcolor.ltx)) (/usr/local/texlive/2024/texmf-dist/tex/latex/graphics/lscape.sty
Package: lscape 2020/05/28 v3.02 Landscape Pages (DPC)
 (/usr/local/texlive/2024/texmf-dist/tex/latex/graphics/graphics.sty
Package: graphics 2022/03/10 v1.4e Standard LaTeX Graphics (DPC,SPQR)
 (/usr/local/texlive/2024/texmf-dist/tex/latex/graphics/trig.sty
Package: trig 2021/08/11 v1.11 sin cos tan (DPC)
) (/usr/local/texlive/2024/texmf-dist/tex/latex/graphics-cfg/graphics.cfg
File: graphics.cfg 2016/06/04 v1.11 sample graphics configuration
)
Package graphics Info: Driver file: pdftex.def on input line 107.
)) (/usr/local/texlive/2024/texmf-dist/tex/latex/listings/listings.sty
\lst@mode=\count281
\lst@gtempboxa=\box54
\lst@token=\toks24
\lst@length=\count282
\lst@currlwidth=\dimen168
\lst@column=\count283
\lst@pos=\count284
\lst@lostspace=\dimen169
\lst@width=\dimen170
\lst@newlines=\count285
\lst@lineno=\count286
\lst@maxwidth=\dimen171
 (/usr/local/texlive/2024/texmf-dist/tex/latex/listings/lstpatch.sty
File: lstpatch.sty 2024/02/21 1.10 (Carsten Heinz)
) (/usr/local/texlive/2024/texmf-dist/tex/latex/listings/lstmisc.sty
File: lstmisc.sty 2024/02/21 1.10 (Carsten Heinz)
\c@lstnumber=\count287
\lst@skipnumbers=\count288
\lst@framebox=\box55
) (/usr/local/texlive/2024/texmf-dist/tex/latex/listings/listings.cfg
File: listings.cfg 2024/02/21 1.10 listings configuration
))
Package: listings 2024/02/21 1.10 (Carsten Heinz)
 (/usr/local/texlive/2024/texmf-dist/tex/latex/xcolor/xcolor.sty
Package: xcolor 2023/11/15 v3.01 LaTeX color extensions (UK)
 (/usr/local/texlive/2024/texmf-dist/tex/latex/graphics-cfg/color.cfg
File: color.cfg 2016/01/02 v1.6 sample color configuration
)
Package xcolor Info: Driver file: pdftex.def on input line 274.
LaTeX Info: Redefining \color on input line 758.
 (/usr/local/texlive/2024/texmf-dist/tex/latex/graphics/mathcolor.ltx)
Package xcolor Info: Model `cmy' substituted by `cmy0' on input line 1350.
Package xcolor Info: Model `hsb' substituted by `rgb' on input line 1354.
Package xcolor Info: Model `RGB' extended on input line 1366.
Package xcolor Info: Model `HTML' substituted by `rgb' on input line 1368.
Package xcolor Info: Model `Hsb' substituted by `hsb' on input line 1369.
Package xcolor Info: Model `tHsb' substituted by `hsb' on input line 1370.
Package xcolor Info: Model `HSB' substituted by `hsb' on input line 1371.
Package xcolor Info: Model `Gray' substituted by `gray' on input line 1372.
Package xcolor Info: Model `wave' substituted by `hsb' on input line 1373.
) (/usr/local/texlive/2024/texmf-dist/tex/latex/float/float.sty
Package: float 2001/11/08 v1.3d Float enhancements (AL)
\c@float@type=\count289
\float@exts=\toks25
\float@box=\box56
\@float@everytoks=\toks26
\@floatcapt=\box57
) (/usr/local/texlive/2024/texmf-dist/tex/latex/hyperref/hyperref.sty
Package: hyperref 2024-01-20 v7.01h Hypertext links for LaTeX
 (/usr/local/texlive/2024/texmf-dist/tex/latex/kvsetkeys/kvsetkeys.sty
Package: kvsetkeys 2022-10-05 v1.19 Key value parser (HO)
) (/usr/local/texlive/2024/texmf-dist/tex/generic/kvdefinekeys/kvdefinekeys.sty
Package: kvdefinekeys 2019-12-19 v1.6 Define keys (HO)
) (/usr/local/texlive/2024/texmf-dist/tex/generic/pdfescape/pdfescape.sty
Package: pdfescape 2019/12/09 v1.15 Implements pdfTeX's escape features (HO)
 (/usr/local/texlive/2024/texmf-dist/tex/generic/ltxcmds/ltxcmds.sty
Package: ltxcmds 2023-12-04 v1.26 LaTeX kernel commands for general use (HO)
) (/usr/local/texlive/2024/texmf-dist/tex/generic/pdftexcmds/pdftexcmds.sty
Package: pdftexcmds 2020-06-27 v0.33 Utility functions of pdfTeX for LuaTeX (HO)
 (/usr/local/texlive/2024/texmf-dist/tex/generic/infwarerr/infwarerr.sty
Package: infwarerr 2019/12/03 v1.5 Providing info/warning/error messages (HO)
)
Package pdftexcmds Info: \pdf@primitive is available.
Package pdftexcmds Info: \pdf@ifprimitive is available.
Package pdftexcmds Info: \pdfdraftmode found.
)) (/usr/local/texlive/2024/texmf-dist/tex/latex/hycolor/hycolor.sty
Package: hycolor 2020-01-27 v1.10 Color options for hyperref/bookmark (HO)
) (/usr/local/texlive/2024/texmf-dist/tex/latex/auxhook/auxhook.sty
Package: auxhook 2019-12-17 v1.6 Hooks for auxiliary files (HO)
) (/usr/local/texlive/2024/texmf-dist/tex/latex/hyperref/nameref.sty
Package: nameref 2023-11-26 v2.56 Cross-referencing by name of section
 (/usr/local/texlive/2024/texmf-dist/tex/latex/refcount/refcount.sty
Package: refcount 2019/12/15 v3.6 Data extraction from label references (HO)
) (/usr/local/texlive/2024/texmf-dist/tex/generic/gettitlestring/gettitlestring.sty
Package: gettitlestring 2019/12/15 v1.6 Cleanup title references (HO)
 (/usr/local/texlive/2024/texmf-dist/tex/latex/kvoptions/kvoptions.sty
Package: kvoptions 2022-06-15 v3.15 Key value format for package options (HO)
))
\c@section@level=\count290
) (/usr/local/texlive/2024/texmf-dist/tex/latex/etoolbox/etoolbox.sty
Package: etoolbox 2020/10/05 v2.5k e-TeX tools for LaTeX (JAW)
\etb@tempcnta=\count291
)
\@linkdim=\dimen172
\Hy@linkcounter=\count292
\Hy@pagecounter=\count293
 (/usr/local/texlive/2024/texmf-dist/tex/latex/hyperref/pd1enc.def
File: pd1enc.def 2024-01-20 v7.01h Hyperref: PDFDocEncoding definition (HO)
Now handling font encoding PD1 ...
... no UTF-8 mapping file for font encoding PD1
) (/usr/local/texlive/2024/texmf-dist/tex/generic/intcalc/intcalc.sty
Package: intcalc 2019/12/15 v1.3 Expandable calculations with integers (HO)
)
\Hy@SavedSpaceFactor=\count294
 (/usr/local/texlive/2024/texmf-dist/tex/latex/hyperref/puenc.def
File: puenc.def 2024-01-20 v7.01h Hyperref: PDF Unicode definition (HO)
Now handling font encoding PU ...
... no UTF-8 mapping file for font encoding PU
)
Package hyperref Info: Hyper figures OFF on input line 4179.
Package hyperref Info: Link nesting OFF on input line 4184.
Package hyperref Info: Hyper index ON on input line 4187.
Package hyperref Info: Plain pages OFF on input line 4194.
Package hyperref Info: Backreferencing OFF on input line 4199.
Package hyperref Info: Implicit mode ON; LaTeX internals redefined.
Package hyperref Info: Bookmarks ON on input line 4446.
\c@Hy@tempcnt=\count295
 (/usr/local/texlive/2024/texmf-dist/tex/latex/url/url.sty
\Urlmuskip=\muskip17
Package: url 2013/09/16  ver 3.4  Verb mode for urls, etc.
)
LaTeX Info: Redefining \url on input line 4784.
\XeTeXLinkMargin=\dimen173
 (/usr/local/texlive/2024/texmf-dist/tex/generic/bitset/bitset.sty
Package: bitset 2019/12/09 v1.3 Handle bit-vector datatype (HO)
 (/usr/local/texlive/2024/texmf-dist/tex/generic/bigintcalc/bigintcalc.sty
Package: bigintcalc 2019/12/15 v1.5 Expandable calculations on big integers (HO)
))
\Fld@menulength=\count296
\Field@Width=\dimen174
\Fld@charsize=\dimen175
Package hyperref Info: Hyper figures OFF on input line 6063.
Package hyperref Info: Link nesting OFF on input line 6068.
Package hyperref Info: Hyper index ON on input line 6071.
Package hyperref Info: backreferencing OFF on input line 6078.
Package hyperref Info: Link coloring OFF on input line 6083.
Package hyperref Info: Link coloring with OCG OFF on input line 6088.
Package hyperref Info: PDF/A mode OFF on input line 6093.
 (/usr/local/texlive/2024/texmf-dist/tex/latex/base/atbegshi-ltx.sty
Package: atbegshi-ltx 2021/01/10 v1.0c Emulation of the original atbegshi
package with kernel methods
)
\Hy@abspage=\count297
\c@Item=\count298
\c@Hfootnote=\count299
)
Package hyperref Info: Driver (autodetected): hpdftex.
 (/usr/local/texlive/2024/texmf-dist/tex/latex/hyperref/hpdftex.def
File: hpdftex.def 2024-01-20 v7.01h Hyperref driver for pdfTeX
 (/usr/local/texlive/2024/texmf-dist/tex/latex/base/atveryend-ltx.sty
Package: atveryend-ltx 2020/08/19 v1.0a Emulation of the original atveryend package
with kernel methods
)
\Fld@listcount=\count300
\c@bookmark@seq@number=\count301
 (/usr/local/texlive/2024/texmf-dist/tex/latex/rerunfilecheck/rerunfilecheck.sty
Package: rerunfilecheck 2022-07-10 v1.10 Rerun checks for auxiliary files (HO)
 (/usr/local/texlive/2024/texmf-dist/tex/generic/uniquecounter/uniquecounter.sty
Package: uniquecounter 2019/12/15 v1.4 Provide unlimited unique counter (HO)
)
Package uniquecounter Info: New unique counter `rerunfilecheck' on input line 285.
)
\Hy@SectionHShift=\skip57
) (/usr/local/texlive/2024/texmf-dist/tex/latex/fancyhdr/fancyhdr.sty
Package: fancyhdr 2022/11/09 v4.1 Extensive control of page headers and footers
\f@nch@headwidth=\skip58
\f@nch@O@elh=\skip59
\f@nch@O@erh=\skip60
\f@nch@O@olh=\skip61
\f@nch@O@orh=\skip62
\f@nch@O@elf=\skip63
\f@nch@O@erf=\skip64
\f@nch@O@olf=\skip65
\f@nch@O@orf=\skip66
) (/usr/local/texlive/2024/texmf-dist/tex/latex/graphics/graphicx.sty
Package: graphicx 2021/09/16 v1.2d Enhanced LaTeX Graphics (DPC,SPQR)
\Gin@req@height=\dimen176
\Gin@req@width=\dimen177
) (/usr/local/texlive/2024/texmf-dist/tex/latex/l3backend/l3backend-pdftex.def
File: l3backend-pdftex.def 2024-02-20 L3 backend support: PDF output (pdfTeX)
\l__color_backend_stack_int=\count302
\l__pdf_internal_box=\box58
) (./draft.aux)
\openout1 = `draft.aux'.

LaTeX Font Info:    Checking defaults for OML/cmm/m/it on input line 89.
LaTeX Font Info:    ... okay on input line 89.
LaTeX Font Info:    Checking defaults for OMS/cmsy/m/n on input line 89.
LaTeX Font Info:    ... okay on input line 89.
LaTeX Font Info:    Checking defaults for OT1/cmr/m/n on input line 89.
LaTeX Font Info:    ... okay on input line 89.
LaTeX Font Info:    Checking defaults for T1/cmr/m/n on input line 89.
LaTeX Font Info:    ... okay on input line 89.
LaTeX Font Info:    Checking defaults for TS1/cmr/m/n on input line 89.
LaTeX Font Info:    ... okay on input line 89.
LaTeX Font Info:    Checking defaults for OMX/cmex/m/n on input line 89.
LaTeX Font Info:    ... okay on input line 89.
LaTeX Font Info:    Checking defaults for U/cmr/m/n on input line 89.
LaTeX Font Info:    ... okay on input line 89.
LaTeX Font Info:    Checking defaults for PD1/pdf/m/n on input line 89.
LaTeX Font Info:    ... okay on input line 89.
LaTeX Font Info:    Checking defaults for PU/pdf/m/n on input line 89.
LaTeX Font Info:    ... okay on input line 89.

*geometry* driver: auto-detecting
*geometry* detected driver: pdftex
*geometry* verbose mode - [ preamble ] result:
* driver: pdftex
* paper: a4paper
* layout: <same size as paper>
* layoutoffset:(h,v)=(0.0pt,0.0pt)
* modes: 
* h-part:(L,W,R)=(81.94394pt, 433.62pt, 81.94394pt)
* v-part:(T,H,B)=(106.75473pt, 578.15999pt, 160.13213pt)
* \paperwidth=597.50787pt
* \paperheight=845.04684pt
* \textwidth=433.62pt
* \textheight=578.15999pt
* \oddsidemargin=9.67395pt
* \evensidemargin=9.67395pt
* \topmargin=-2.51526pt
* \headheight=12.0pt
* \headsep=25.0pt
* \topskip=10.0pt
* \footskip=30.0pt
* \marginparwidth=65.0pt
* \marginparsep=11.0pt
* \columnsep=10.0pt
* \skip\footins=9.0pt plus 4.0pt minus 2.0pt
* \hoffset=0.0pt
* \voffset=0.0pt
* \mag=1000
* \@twocolumnfalse
* \@twosidefalse
* \@mparswitchfalse
* \@reversemarginfalse
* (1in=72.27pt=25.4mm, 1cm=28.453pt)

(/usr/local/texlive/2024/texmf-dist/tex/context/base/mkii/supp-pdf.mkii
[Loading MPS to PDF converter (version 2006.09.02).]
\scratchcounter=\count303
\scratchdimen=\dimen178
\scratchbox=\box59
\nofMPsegments=\count304
\nofMParguments=\count305
\everyMPshowfont=\toks27
\MPscratchCnt=\count306
\MPscratchDim=\dimen179
\MPnumerator=\count307
\makeMPintoPDFobject=\count308
\everyMPtoPDFconversion=\toks28
) (/usr/local/texlive/2024/texmf-dist/tex/latex/epstopdf-pkg/epstopdf-base.sty
Package: epstopdf-base 2020-01-24 v2.11 Base part for package epstopdf
Package epstopdf-base Info: Redefining graphics rule for `.eps' on input line 485.
 (/usr/local/texlive/2024/texmf-dist/tex/latex/latexconfig/epstopdf-sys.cfg
File: epstopdf-sys.cfg 2010/07/13 v1.3 Configuration of (r)epstopdf for TeX Live
))
\c@lstlisting=\count309
Package hyperref Info: Link coloring OFF on input line 89.
 (./draft.out) (./draft.out)
\@outlinefile=\write3
\openout3 = `draft.out'.

LaTeX Font Info:    Trying to load font information for U+msa on input line 92.
 (/usr/local/texlive/2024/texmf-dist/tex/latex/amsfonts/umsa.fd
File: umsa.fd 2013/01/14 v3.01 AMS symbols A
)
LaTeX Font Info:    Trying to load font information for U+msb on input line 92.
 (/usr/local/texlive/2024/texmf-dist/tex/latex/amsfonts/umsb.fd
File: umsb.fd 2013/01/14 v3.01 AMS symbols B
)
<draft-photos/confounder_variable.png, id=80, 285.065pt x 168.63pt>
File: draft-photos/confounder_variable.png Graphic file (type png)
<use draft-photos/confounder_variable.png>
Package pdftex.def Info: draft-photos/confounder_variable.png  used on input line 133.
(pdftex.def)             Requested size: 100.37537pt x 59.37646pt.
 [1

{/usr/local/texlive/2024/texmf-var/fonts/map/pdftex/updmap/pdftex.map}] [2 <./draft-photos/confounder_variable.png>] [3{/usr/local/texlive/2024/texmf-dist/fonts/enc/dvips/cm-super/cm-super-ts1.enc}] [4]
<draft-photos/backdoor_adjustment.png, id=113, 847.165pt x 273.02pt>
File: draft-photos/backdoor_adjustment.png Graphic file (type png)
<use draft-photos/backdoor_adjustment.png>
Package pdftex.def Info: draft-photos/backdoor_adjustment.png  used on input line 267.
(pdftex.def)             Requested size: 250.93842pt x 80.86931pt.
<draft-photos/backdoor_adjustment_explained.png, id=115, 303.1325pt x 356.33125pt>
File: draft-photos/backdoor_adjustment_explained.png Graphic file (type png)
<use draft-photos/backdoor_adjustment_explained.png>
Package pdftex.def Info: draft-photos/backdoor_adjustment_explained.png  used on input line 280.
(pdftex.def)             Requested size: 250.93842pt x 294.98277pt.
 [5 <./draft-photos/backdoor_adjustment.png>]
<draft-photos/backdoor_adjustment_explained_goal.png, id=126, 293.095pt x 342.27875pt>
File: draft-photos/backdoor_adjustment_explained_goal.png Graphic file (type png)
<use draft-photos/backdoor_adjustment_explained_goal.png>
Package pdftex.def Info: draft-photos/backdoor_adjustment_explained_goal.png  used on input line 289.
(pdftex.def)             Requested size: 250.93842pt x 293.04828pt.
 [6 <./draft-photos/backdoor_adjustment_explained.png>]
<draft-photos/backdoor_adjustment_explained_solution.png, id=133, 283.0575pt x 342.27875pt>
File: draft-photos/backdoor_adjustment_explained_solution.png Graphic file (type png)
<use draft-photos/backdoor_adjustment_explained_solution.png>
Package pdftex.def Info: draft-photos/backdoor_adjustment_explained_solution.png  used on input line 300.
(pdftex.def)             Requested size: 250.93842pt x 303.44676pt.
 [7 <./draft-photos/backdoor_adjustment_explained_goal.png>]
<draft-photos/backdoor_adjustment_explanation.png, id=141, 873.2625pt x 457.71pt>
File: draft-photos/backdoor_adjustment_explanation.png Graphic file (type png)
<use draft-photos/backdoor_adjustment_explanation.png>
Package pdftex.def Info: draft-photos/backdoor_adjustment_explanation.png  used on input line 307.
(pdftex.def)             Requested size: 250.93842pt x 131.52425pt.
<draft-photos/backdoor_adjustment_explanation2.png, id=142, 703.62875pt x 476.78125pt>
File: draft-photos/backdoor_adjustment_explanation2.png Graphic file (type png)
<use draft-photos/backdoor_adjustment_explanation2.png>
Package pdftex.def Info: draft-photos/backdoor_adjustment_explanation2.png  used on input line 314.
(pdftex.def)             Requested size: 250.93842pt x 170.03331pt.
 [8 <./draft-photos/backdoor_adjustment_explained_solution.png> <./draft-photos/backdoor_adjustment_explanation.png>]
<draft-photos/frontdoor_adjustment.png, id=151, 853.1875pt x 314.17375pt>
File: draft-photos/frontdoor_adjustment.png Graphic file (type png)
<use draft-photos/frontdoor_adjustment.png>
Package pdftex.def Info: draft-photos/frontdoor_adjustment.png  used on input line 347.
(pdftex.def)             Requested size: 250.93842pt x 92.4024pt.
 [9 <./draft-photos/backdoor_adjustment_explanation2.png>]
<draft-photos/frontdoor_adjustment_explained.png, id=158, 336.25626pt x 228.855pt>
File: draft-photos/frontdoor_adjustment_explained.png Graphic file (type png)
<use draft-photos/frontdoor_adjustment_explained.png>
Package pdftex.def Info: draft-photos/frontdoor_adjustment_explained.png  used on input line 367.
(pdftex.def)             Requested size: 250.93842pt x 170.78876pt.
File: draft-photos/frontdoor_adjustment_explained.png Graphic file (type png)
<use draft-photos/frontdoor_adjustment_explained.png>
Package pdftex.def Info: draft-photos/frontdoor_adjustment_explained.png  used on input line 378.
(pdftex.def)             Requested size: 250.93842pt x 170.78876pt.
 [10 <./draft-photos/frontdoor_adjustment.png> <./draft-photos/frontdoor_adjustment_explained.png>]
<draft-photos/frontdoor_adjustment_explanation.png, id=169, 866.23625pt x 505.89pt>
File: draft-photos/frontdoor_adjustment_explanation.png Graphic file (type png)
<use draft-photos/frontdoor_adjustment_explanation.png>
Package pdftex.def Info: draft-photos/frontdoor_adjustment_explanation.png  used on input line 387.
(pdftex.def)             Requested size: 250.93842pt x 146.54994pt.
<draft-photos/frontdoor_adjustment_explanation2.png, id=170, 1060.96375pt x 568.1225pt>
File: draft-photos/frontdoor_adjustment_explanation2.png Graphic file (type png)
<use draft-photos/frontdoor_adjustment_explanation2.png>
Package pdftex.def Info: draft-photos/frontdoor_adjustment_explanation2.png  used on input line 396.
(pdftex.def)             Requested size: 250.93842pt x 134.367pt.
 [11 <./draft-photos/frontdoor_adjustment_explanation.png>]
<draft-photos/frontdoor_adjustment_explanation3.png, id=179, 1329.96875pt x 699.61375pt>
File: draft-photos/frontdoor_adjustment_explanation3.png Graphic file (type png)
<use draft-photos/frontdoor_adjustment_explanation3.png>
Package pdftex.def Info: draft-photos/frontdoor_adjustment_explanation3.png  used on input line 415.
(pdftex.def)             Requested size: 250.93842pt x 131.99924pt.
<draft-photos/frontdoor_adjustment_explanation4.png, id=180, 868.24374pt x 459.7175pt>
File: draft-photos/frontdoor_adjustment_explanation4.png Graphic file (type png)
<use draft-photos/frontdoor_adjustment_explanation4.png>
Package pdftex.def Info: draft-photos/frontdoor_adjustment_explanation4.png  used on input line 422.
(pdftex.def)             Requested size: 250.93842pt x 132.8657pt.
 [12 <./draft-photos/frontdoor_adjustment_explanation2.png> <./draft-photos/frontdoor_adjustment_explanation3.png>]
<draft-photos/instrumental_variables.png, id=189, 721.69624pt x 407.5225pt>
File: draft-photos/instrumental_variables.png Graphic file (type png)
<use draft-photos/instrumental_variables.png>
Package pdftex.def Info: draft-photos/instrumental_variables.png  used on input line 443.
(pdftex.def)             Requested size: 250.93842pt x 141.69604pt.
 [13 <./draft-photos/frontdoor_adjustment_explanation4.png> <./draft-photos/instrumental_variables.png>]
<draft-photos/instrumental_variable_explanation.png, id=199, 307.1475pt x 179.67125pt>
File: draft-photos/instrumental_variable_explanation.png Graphic file (type png)
<use draft-photos/instrumental_variable_explanation.png>
Package pdftex.def Info: draft-photos/instrumental_variable_explanation.png  used on input line 458.
(pdftex.def)             Requested size: 250.93842pt x 146.79128pt.
<draft-photos/instrumental_variable_explanation2.png, id=200, 368.37625pt x 243.91125pt>
File: draft-photos/instrumental_variable_explanation2.png Graphic file (type png)
<use draft-photos/instrumental_variable_explanation2.png>
Package pdftex.def Info: draft-photos/instrumental_variable_explanation2.png  used on input line 471.
(pdftex.def)             Requested size: 250.93842pt x 166.15146pt.
<draft-photos/instrumental_variable_explanation3.png, id=201, 347.2975pt x 224.84pt>
File: draft-photos/instrumental_variable_explanation3.png Graphic file (type png)
<use draft-photos/instrumental_variable_explanation3.png>
Package pdftex.def Info: draft-photos/instrumental_variable_explanation3.png  used on input line 480.
(pdftex.def)             Requested size: 250.93842pt x 162.46104pt.
 [14 <./draft-photos/instrumental_variable_explanation.png> <./draft-photos/instrumental_variable_explanation2.png>]
<draft-photos/instrumental_variable_explanation4.png, id=210, 368.37625pt x 260.975pt>
File: draft-photos/instrumental_variable_explanation4.png Graphic file (type png)
<use draft-photos/instrumental_variable_explanation4.png>
Package pdftex.def Info: draft-photos/instrumental_variable_explanation4.png  used on input line 491.
(pdftex.def)             Requested size: 250.93842pt x 177.77524pt.
<draft-photos/instrumental_variable_explanation5.png, id=211, 369.38pt x 360.34625pt>
File: draft-photos/instrumental_variable_explanation5.png Graphic file (type png)
<use draft-photos/instrumental_variable_explanation5.png>
Package pdftex.def Info: draft-photos/instrumental_variable_explanation5.png  used on input line 500.
(pdftex.def)             Requested size: 250.93842pt x 244.80127pt.
 [15 <./draft-photos/instrumental_variable_explanation3.png> <./draft-photos/instrumental_variable_explanation4.png>] [16 <./draft-photos/instrumental_variable_explanation5.png>]
<draft-photos/dnn-for-estimation/feed_forward_dnn.png, id=226, 586.19pt x 177.66376pt>
File: draft-photos/dnn-for-estimation/feed_forward_dnn.png Graphic file (type png)
<use draft-photos/dnn-for-estimation/feed_forward_dnn.png>
Package pdftex.def Info: draft-photos/dnn-for-estimation/feed_forward_dnn.png  used on input line 556.
(pdftex.def)             Requested size: 250.93842pt x 76.05505pt.
 [17 <./draft-photos/dnn-for-estimation/feed_forward_dnn.png>]
<draft-photos/dnn-for-estimation/dnn_m_condition.png, id=233, 553.06625pt x 276.03125pt>
File: draft-photos/dnn-for-estimation/dnn_m_condition.png Graphic file (type png)
<use draft-photos/dnn-for-estimation/dnn_m_condition.png>
Package pdftex.def Info: draft-photos/dnn-for-estimation/dnn_m_condition.png  used on input line 599.
(pdftex.def)             Requested size: 250.93842pt x 125.2406pt.
<draft-photos/dnn-for-estimation/dnn_theorem_1.png, id=234, 675.52374pt x 183.68625pt>
File: draft-photos/dnn-for-estimation/dnn_theorem_1.png Graphic file (type png)
<use draft-photos/dnn-for-estimation/dnn_theorem_1.png>
Package pdftex.def Info: draft-photos/dnn-for-estimation/dnn_theorem_1.png  used on input line 616.
(pdftex.def)             Requested size: 250.93842pt x 68.23471pt.
 [18 <./draft-photos/dnn-for-estimation/dnn_m_condition.png>]
<draft-photos/dnn-for-estimation/dnn_theorem_2.png, id=241, 720.6925pt x 154.5775pt>
File: draft-photos/dnn-for-estimation/dnn_theorem_2.png Graphic file (type png)
<use draft-photos/dnn-for-estimation/dnn_theorem_2.png>
Package pdftex.def Info: draft-photos/dnn-for-estimation/dnn_theorem_2.png  used on input line 636.
(pdftex.def)             Requested size: 250.93842pt x 53.82224pt.
<draft-photos/dnn-for-estimation/dnn_corollary_1.png, id=242, 560.0925pt x 138.5175pt>
File: draft-photos/dnn-for-estimation/dnn_corollary_1.png Graphic file (type png)
<use draft-photos/dnn-for-estimation/dnn_corollary_1.png>
Package pdftex.def Info: draft-photos/dnn-for-estimation/dnn_corollary_1.png  used on input line 645.
(pdftex.def)             Requested size: 250.93842pt x 62.05963pt.
 [19 <./draft-photos/dnn-for-estimation/dnn_theorem_1.png> <./draft-photos/dnn-for-estimation/dnn_theorem_2.png> <./draft-photos/dnn-for-estimation/dnn_corollary_1.png>] (./draft.aux)
 ***********
LaTeX2e <2023-11-01> patch level 1
L3 programming layer <2024-02-20>
 ***********
Package rerunfilecheck Info: File `draft.out' has not changed.
(rerunfilecheck)             Checksum: 31116E2BE6FC4C3218D9A326E6E5A2A2;3981.
 ) 
Here is how much of TeX's memory you used:
 13100 strings out of 474116
 206754 string characters out of 5743682
 1936187 words of memory out of 5000000
 35229 multiletter control sequences out of 15000+600000
 566435 words of font info for 69 fonts, out of 8000000 for 9000
 1141 hyphenation exceptions out of 8191
 75i,12n,79p,911b,446s stack positions out of 10000i,1000n,20000p,200000b,200000s
</usr/local/texlive/2024/texmf-dist/fonts/type1/public/amsfonts/cm/cmbx10.pfb></usr/local/texlive/2024/texmf-dist/fonts/type1/public/amsfonts/cm/cmbx12.pfb></usr/local/texlive/2024/texmf-dist/fonts/type1/public/amsfonts/cm/cmex10.pfb></usr/local/texlive/2024/texmf-dist/fonts/type1/public/amsfonts/cm/cmmi10.pfb></usr/local/texlive/2024/texmf-dist/fonts/type1/public/amsfonts/cm/cmmi7.pfb></usr/local/texlive/2024/texmf-dist/fonts/type1/public/amsfonts/cm/cmr10.pfb></usr/local/texlive/2024/texmf-dist/fonts/type1/public/amsfonts/cm/cmr12.pfb></usr/local/texlive/2024/texmf-dist/fonts/type1/public/amsfonts/cm/cmr17.pfb></usr/local/texlive/2024/texmf-dist/fonts/type1/public/amsfonts/cm/cmr7.pfb></usr/local/texlive/2024/texmf-dist/fonts/type1/public/amsfonts/cm/cmsy10.pfb></usr/local/texlive/2024/texmf-dist/fonts/type1/public/amsfonts/cm/cmsy5.pfb></usr/local/texlive/2024/texmf-dist/fonts/type1/public/amsfonts/cm/cmsy7.pfb></usr/local/texlive/2024/texmf-dist/fonts/type1/public/amsfonts/cm/cmtt10.pfb></usr/local/texlive/2024/texmf-dist/fonts/type1/public/amsfonts/symbols/msbm10.pfb></usr/local/texlive/2024/texmf-dist/fonts/type1/public/cm-super/sfrm1000.pfb>
Output written on draft.pdf (19 pages, 3964199 bytes).
PDF statistics:
 336 PDF objects out of 1000 (max. 8388607)
 234 compressed objects within 3 object streams
 67 named destinations out of 1000 (max. 500000)
 273 words of extra memory for PDF output out of 10000 (max. 10000000)

